{"/Users/gbush1/git/json-schema-ui/src/JsonSchema.js": {"path":"/Users/gbush1/git/json-schema-ui/src/JsonSchema.js","statementMap":{"0":{"start":{"line":3,"column":4},"end":{"line":5,"column":5}},"1":{"start":{"line":4,"column":6},"end":{"line":4,"column":41}},"2":{"start":{"line":7,"column":4},"end":{"line":9,"column":5}},"3":{"start":{"line":8,"column":6},"end":{"line":8,"column":35}},"4":{"start":{"line":11,"column":4},"end":{"line":13,"column":5}},"5":{"start":{"line":12,"column":6},"end":{"line":12,"column":40}},"6":{"start":{"line":15,"column":24},"end":{"line":15,"column":42}},"7":{"start":{"line":16,"column":4},"end":{"line":29,"column":5}},"8":{"start":{"line":17,"column":6},"end":{"line":17,"column":18}},"9":{"start":{"line":18,"column":6},"end":{"line":18,"column":28}},"10":{"start":{"line":19,"column":6},"end":{"line":23,"column":7}},"11":{"start":{"line":20,"column":8},"end":{"line":22,"column":9}},"12":{"start":{"line":21,"column":10},"end":{"line":21,"column":105}},"13":{"start":{"line":25,"column":6},"end":{"line":25,"column":23}},"14":{"start":{"line":26,"column":6},"end":{"line":28,"column":7}},"15":{"start":{"line":27,"column":8},"end":{"line":27,"column":64}},"16":{"start":{"line":31,"column":4},"end":{"line":31,"column":25}},"17":{"start":{"line":33,"column":4},"end":{"line":36,"column":5}},"18":{"start":{"line":34,"column":6},"end":{"line":34,"column":50}},"19":{"start":{"line":35,"column":6},"end":{"line":35,"column":13}},"20":{"start":{"line":38,"column":17},"end":{"line":38,"column":26}},"21":{"start":{"line":40,"column":4},"end":{"line":42,"column":5}},"22":{"start":{"line":41,"column":6},"end":{"line":41,"column":44}},"23":{"start":{"line":45,"column":6},"end":{"line":47,"column":7}},"24":{"start":{"line":46,"column":8},"end":{"line":46,"column":60}},"25":{"start":{"line":50,"column":4},"end":{"line":91,"column":5}},"26":{"start":{"line":52,"column":27},"end":{"line":52,"column":44}},"27":{"start":{"line":53,"column":8},"end":{"line":55,"column":9}},"28":{"start":{"line":54,"column":10},"end":{"line":54,"column":70}},"29":{"start":{"line":56,"column":21},"end":{"line":56,"column":46}},"30":{"start":{"line":57,"column":8},"end":{"line":59,"column":9}},"31":{"start":{"line":58,"column":10},"end":{"line":58,"column":60}},"32":{"start":{"line":60,"column":8},"end":{"line":62,"column":9}},"33":{"start":{"line":61,"column":10},"end":{"line":61,"column":74}},"34":{"start":{"line":63,"column":8},"end":{"line":65,"column":9}},"35":{"start":{"line":64,"column":10},"end":{"line":64,"column":68}},"36":{"start":{"line":66,"column":8},"end":{"line":68,"column":9}},"37":{"start":{"line":67,"column":10},"end":{"line":67,"column":60}},"38":{"start":{"line":69,"column":29},"end":{"line":69,"column":48}},"39":{"start":{"line":70,"column":8},"end":{"line":77,"column":9}},"40":{"start":{"line":71,"column":10},"end":{"line":76,"column":11}},"41":{"start":{"line":72,"column":29},"end":{"line":72,"column":49}},"42":{"start":{"line":73,"column":12},"end":{"line":75,"column":13}},"43":{"start":{"line":74,"column":14},"end":{"line":74,"column":66}},"44":{"start":{"line":78,"column":8},"end":{"line":78,"column":14}},"45":{"start":{"line":80,"column":22},"end":{"line":80,"column":34}},"46":{"start":{"line":81,"column":8},"end":{"line":85,"column":9}},"47":{"start":{"line":82,"column":10},"end":{"line":82,"column":34}},"48":{"start":{"line":84,"column":10},"end":{"line":84,"column":62}},"49":{"start":{"line":86,"column":32},"end":{"line":86,"column":54}},"50":{"start":{"line":87,"column":8},"end":{"line":89,"column":9}},"51":{"start":{"line":88,"column":10},"end":{"line":88,"column":75}},"52":{"start":{"line":90,"column":8},"end":{"line":90,"column":14}},"53":{"start":{"line":94,"column":4},"end":{"line":96,"column":5}},"54":{"start":{"line":95,"column":6},"end":{"line":95,"column":37}},"55":{"start":{"line":98,"column":4},"end":{"line":100,"column":5}},"56":{"start":{"line":99,"column":6},"end":{"line":99,"column":37}},"57":{"start":{"line":102,"column":4},"end":{"line":104,"column":5}},"58":{"start":{"line":103,"column":6},"end":{"line":103,"column":36}},"59":{"start":{"line":106,"column":4},"end":{"line":108,"column":5}},"60":{"start":{"line":107,"column":6},"end":{"line":107,"column":52}},"61":{"start":{"line":112,"column":15},"end":{"line":112,"column":32}},"62":{"start":{"line":114,"column":4},"end":{"line":116,"column":5}},"63":{"start":{"line":115,"column":6},"end":{"line":115,"column":37}},"64":{"start":{"line":117,"column":4},"end":{"line":117,"column":21}},"65":{"start":{"line":121,"column":4},"end":{"line":121,"column":30}},"66":{"start":{"line":125,"column":4},"end":{"line":125,"column":36}},"67":{"start":{"line":129,"column":4},"end":{"line":129,"column":35}},"68":{"start":{"line":133,"column":4},"end":{"line":133,"column":41}},"69":{"start":{"line":137,"column":4},"end":{"line":137,"column":33}},"70":{"start":{"line":141,"column":4},"end":{"line":141,"column":31}},"71":{"start":{"line":145,"column":4},"end":{"line":145,"column":30}},"72":{"start":{"line":149,"column":4},"end":{"line":149,"column":36}},"73":{"start":{"line":153,"column":4},"end":{"line":153,"column":46}},"74":{"start":{"line":157,"column":4},"end":{"line":157,"column":43}},"75":{"start":{"line":161,"column":4},"end":{"line":161,"column":38}},"76":{"start":{"line":165,"column":4},"end":{"line":165,"column":34}},"77":{"start":{"line":169,"column":4},"end":{"line":169,"column":31}},"78":{"start":{"line":173,"column":4},"end":{"line":173,"column":31}},"79":{"start":{"line":177,"column":4},"end":{"line":177,"column":31}},"80":{"start":{"line":181,"column":4},"end":{"line":181,"column":31}},"81":{"start":{"line":185,"column":4},"end":{"line":185,"column":29}},"82":{"start":{"line":189,"column":4},"end":{"line":189,"column":37}},"83":{"start":{"line":193,"column":4},"end":{"line":193,"column":28}},"84":{"start":{"line":197,"column":4},"end":{"line":197,"column":34}},"85":{"start":{"line":201,"column":4},"end":{"line":201,"column":36}},"86":{"start":{"line":205,"column":4},"end":{"line":205,"column":33}},"87":{"start":{"line":209,"column":4},"end":{"line":209,"column":33}},"88":{"start":{"line":213,"column":4},"end":{"line":213,"column":35}},"89":{"start":{"line":217,"column":4},"end":{"line":217,"column":35}},"90":{"start":{"line":221,"column":4},"end":{"line":221,"column":33}},"91":{"start":{"line":225,"column":4},"end":{"line":225,"column":30}},"92":{"start":{"line":229,"column":4},"end":{"line":229,"column":37}},"93":{"start":{"line":233,"column":4},"end":{"line":233,"column":41}},"94":{"start":{"line":237,"column":4},"end":{"line":237,"column":34}},"95":{"start":{"line":241,"column":4},"end":{"line":241,"column":34}},"96":{"start":{"line":245,"column":4},"end":{"line":245,"column":37}},"97":{"start":{"line":249,"column":4},"end":{"line":249,"column":34}},"98":{"start":{"line":253,"column":4},"end":{"line":253,"column":36}},"99":{"start":{"line":257,"column":4},"end":{"line":257,"column":33}},"100":{"start":{"line":261,"column":15},"end":{"line":261,"column":33}},"101":{"start":{"line":262,"column":4},"end":{"line":264,"column":5}},"102":{"start":{"line":263,"column":6},"end":{"line":263,"column":16}},"103":{"start":{"line":265,"column":17},"end":{"line":265,"column":33}},"104":{"start":{"line":266,"column":4},"end":{"line":268,"column":5}},"105":{"start":{"line":267,"column":6},"end":{"line":267,"column":29}},"106":{"start":{"line":269,"column":4},"end":{"line":269,"column":21}},"107":{"start":{"line":273,"column":16},"end":{"line":273,"column":32}},"108":{"start":{"line":274,"column":4},"end":{"line":278,"column":5}},"109":{"start":{"line":275,"column":6},"end":{"line":275,"column":28}},"110":{"start":{"line":277,"column":6},"end":{"line":277,"column":32}}},"fnMap":{"0":{"name":"(anonymous_0)","decl":{"start":{"line":2,"column":2},"end":{"line":2,"column":3}},"loc":{"start":{"line":2,"column":30},"end":{"line":109,"column":3}},"line":2},"1":{"name":"processSchemas","decl":{"start":{"line":44,"column":13},"end":{"line":44,"column":27}},"loc":{"start":{"line":44,"column":39},"end":{"line":48,"column":5}},"line":44},"2":{"name":"(anonymous_2)","decl":{"start":{"line":111,"column":2},"end":{"line":111,"column":3}},"loc":{"start":{"line":111,"column":19},"end":{"line":118,"column":3}},"line":111},"3":{"name":"(anonymous_3)","decl":{"start":{"line":120,"column":2},"end":{"line":120,"column":3}},"loc":{"start":{"line":120,"column":13},"end":{"line":122,"column":3}},"line":120},"4":{"name":"(anonymous_4)","decl":{"start":{"line":124,"column":2},"end":{"line":124,"column":3}},"loc":{"start":{"line":124,"column":15},"end":{"line":126,"column":3}},"line":124},"5":{"name":"(anonymous_5)","decl":{"start":{"line":128,"column":2},"end":{"line":128,"column":3}},"loc":{"start":{"line":128,"column":14},"end":{"line":130,"column":3}},"line":128},"6":{"name":"(anonymous_6)","decl":{"start":{"line":132,"column":2},"end":{"line":132,"column":3}},"loc":{"start":{"line":132,"column":20},"end":{"line":134,"column":3}},"line":132},"7":{"name":"(anonymous_7)","decl":{"start":{"line":136,"column":2},"end":{"line":136,"column":3}},"loc":{"start":{"line":136,"column":16},"end":{"line":138,"column":3}},"line":136},"8":{"name":"(anonymous_8)","decl":{"start":{"line":140,"column":2},"end":{"line":140,"column":3}},"loc":{"start":{"line":140,"column":16},"end":{"line":142,"column":3}},"line":140},"9":{"name":"(anonymous_9)","decl":{"start":{"line":144,"column":2},"end":{"line":144,"column":3}},"loc":{"start":{"line":144,"column":13},"end":{"line":146,"column":3}},"line":144},"10":{"name":"(anonymous_10)","decl":{"start":{"line":148,"column":2},"end":{"line":148,"column":3}},"loc":{"start":{"line":148,"column":19},"end":{"line":150,"column":3}},"line":148},"11":{"name":"(anonymous_11)","decl":{"start":{"line":152,"column":2},"end":{"line":152,"column":3}},"loc":{"start":{"line":152,"column":29},"end":{"line":154,"column":3}},"line":152},"12":{"name":"(anonymous_12)","decl":{"start":{"line":156,"column":2},"end":{"line":156,"column":3}},"loc":{"start":{"line":156,"column":26},"end":{"line":158,"column":3}},"line":156},"13":{"name":"(anonymous_13)","decl":{"start":{"line":160,"column":2},"end":{"line":160,"column":3}},"loc":{"start":{"line":160,"column":21},"end":{"line":162,"column":3}},"line":160},"14":{"name":"(anonymous_14)","decl":{"start":{"line":164,"column":2},"end":{"line":164,"column":3}},"loc":{"start":{"line":164,"column":17},"end":{"line":166,"column":3}},"line":164},"15":{"name":"(anonymous_15)","decl":{"start":{"line":168,"column":2},"end":{"line":168,"column":3}},"loc":{"start":{"line":168,"column":14},"end":{"line":170,"column":3}},"line":168},"16":{"name":"(anonymous_16)","decl":{"start":{"line":172,"column":2},"end":{"line":172,"column":3}},"loc":{"start":{"line":172,"column":14},"end":{"line":174,"column":3}},"line":172},"17":{"name":"(anonymous_17)","decl":{"start":{"line":176,"column":2},"end":{"line":176,"column":3}},"loc":{"start":{"line":176,"column":14},"end":{"line":178,"column":3}},"line":176},"18":{"name":"(anonymous_18)","decl":{"start":{"line":180,"column":2},"end":{"line":180,"column":3}},"loc":{"start":{"line":180,"column":14},"end":{"line":182,"column":3}},"line":180},"19":{"name":"(anonymous_19)","decl":{"start":{"line":184,"column":2},"end":{"line":184,"column":3}},"loc":{"start":{"line":184,"column":12},"end":{"line":186,"column":3}},"line":184},"20":{"name":"(anonymous_20)","decl":{"start":{"line":188,"column":2},"end":{"line":188,"column":3}},"loc":{"start":{"line":188,"column":20},"end":{"line":190,"column":3}},"line":188},"21":{"name":"(anonymous_21)","decl":{"start":{"line":192,"column":2},"end":{"line":192,"column":3}},"loc":{"start":{"line":192,"column":13},"end":{"line":194,"column":3}},"line":192},"22":{"name":"(anonymous_22)","decl":{"start":{"line":196,"column":2},"end":{"line":196,"column":3}},"loc":{"start":{"line":196,"column":17},"end":{"line":198,"column":3}},"line":196},"23":{"name":"(anonymous_23)","decl":{"start":{"line":200,"column":2},"end":{"line":200,"column":3}},"loc":{"start":{"line":200,"column":19},"end":{"line":202,"column":3}},"line":200},"24":{"name":"(anonymous_24)","decl":{"start":{"line":204,"column":2},"end":{"line":204,"column":3}},"loc":{"start":{"line":204,"column":16},"end":{"line":206,"column":3}},"line":204},"25":{"name":"(anonymous_25)","decl":{"start":{"line":208,"column":2},"end":{"line":208,"column":3}},"loc":{"start":{"line":208,"column":16},"end":{"line":210,"column":3}},"line":208},"26":{"name":"(anonymous_26)","decl":{"start":{"line":212,"column":2},"end":{"line":212,"column":3}},"loc":{"start":{"line":212,"column":18},"end":{"line":214,"column":3}},"line":212},"27":{"name":"(anonymous_27)","decl":{"start":{"line":216,"column":2},"end":{"line":216,"column":3}},"loc":{"start":{"line":216,"column":18},"end":{"line":218,"column":3}},"line":216},"28":{"name":"(anonymous_28)","decl":{"start":{"line":220,"column":2},"end":{"line":220,"column":3}},"loc":{"start":{"line":220,"column":16},"end":{"line":222,"column":3}},"line":220},"29":{"name":"(anonymous_29)","decl":{"start":{"line":224,"column":2},"end":{"line":224,"column":3}},"loc":{"start":{"line":224,"column":13},"end":{"line":226,"column":3}},"line":224},"30":{"name":"(anonymous_30)","decl":{"start":{"line":228,"column":2},"end":{"line":228,"column":3}},"loc":{"start":{"line":228,"column":20},"end":{"line":230,"column":3}},"line":228},"31":{"name":"(anonymous_31)","decl":{"start":{"line":232,"column":2},"end":{"line":232,"column":3}},"loc":{"start":{"line":232,"column":23},"end":{"line":234,"column":3}},"line":232},"32":{"name":"(anonymous_32)","decl":{"start":{"line":236,"column":2},"end":{"line":236,"column":3}},"loc":{"start":{"line":236,"column":17},"end":{"line":238,"column":3}},"line":236},"33":{"name":"(anonymous_33)","decl":{"start":{"line":240,"column":2},"end":{"line":240,"column":3}},"loc":{"start":{"line":240,"column":17},"end":{"line":242,"column":3}},"line":240},"34":{"name":"(anonymous_34)","decl":{"start":{"line":244,"column":2},"end":{"line":244,"column":3}},"loc":{"start":{"line":244,"column":16},"end":{"line":246,"column":3}},"line":244},"35":{"name":"(anonymous_35)","decl":{"start":{"line":248,"column":2},"end":{"line":248,"column":3}},"loc":{"start":{"line":248,"column":13},"end":{"line":250,"column":3}},"line":248},"36":{"name":"(anonymous_36)","decl":{"start":{"line":252,"column":2},"end":{"line":252,"column":3}},"loc":{"start":{"line":252,"column":15},"end":{"line":254,"column":3}},"line":252},"37":{"name":"(anonymous_37)","decl":{"start":{"line":256,"column":2},"end":{"line":256,"column":3}},"loc":{"start":{"line":256,"column":12},"end":{"line":258,"column":3}},"line":256},"38":{"name":"(anonymous_38)","decl":{"start":{"line":260,"column":2},"end":{"line":260,"column":3}},"loc":{"start":{"line":260,"column":17},"end":{"line":270,"column":3}},"line":260},"39":{"name":"(anonymous_39)","decl":{"start":{"line":272,"column":2},"end":{"line":272,"column":3}},"loc":{"start":{"line":272,"column":13},"end":{"line":279,"column":3}},"line":272}},"branchMap":{"0":{"loc":{"start":{"line":3,"column":4},"end":{"line":5,"column":5}},"type":"if","locations":[{"start":{"line":3,"column":4},"end":{"line":5,"column":5}},{"start":{"line":3,"column":4},"end":{"line":5,"column":5}}],"line":3},"1":{"loc":{"start":{"line":7,"column":4},"end":{"line":9,"column":5}},"type":"if","locations":[{"start":{"line":7,"column":4},"end":{"line":9,"column":5}},{"start":{"line":7,"column":4},"end":{"line":9,"column":5}}],"line":7},"2":{"loc":{"start":{"line":11,"column":4},"end":{"line":13,"column":5}},"type":"if","locations":[{"start":{"line":11,"column":4},"end":{"line":13,"column":5}},{"start":{"line":11,"column":4},"end":{"line":13,"column":5}}],"line":11},"3":{"loc":{"start":{"line":11,"column":9},"end":{"line":11,"column":44}},"type":"binary-expr","locations":[{"start":{"line":11,"column":9},"end":{"line":11,"column":13}},{"start":{"line":11,"column":17},"end":{"line":11,"column":44}}],"line":11},"4":{"loc":{"start":{"line":16,"column":4},"end":{"line":29,"column":5}},"type":"if","locations":[{"start":{"line":16,"column":4},"end":{"line":29,"column":5}},{"start":{"line":16,"column":4},"end":{"line":29,"column":5}}],"line":16},"5":{"loc":{"start":{"line":19,"column":6},"end":{"line":23,"column":7}},"type":"if","locations":[{"start":{"line":19,"column":6},"end":{"line":23,"column":7}},{"start":{"line":19,"column":6},"end":{"line":23,"column":7}}],"line":19},"6":{"loc":{"start":{"line":26,"column":6},"end":{"line":28,"column":7}},"type":"if","locations":[{"start":{"line":26,"column":6},"end":{"line":28,"column":7}},{"start":{"line":26,"column":6},"end":{"line":28,"column":7}}],"line":26},"7":{"loc":{"start":{"line":33,"column":4},"end":{"line":36,"column":5}},"type":"if","locations":[{"start":{"line":33,"column":4},"end":{"line":36,"column":5}},{"start":{"line":33,"column":4},"end":{"line":36,"column":5}}],"line":33},"8":{"loc":{"start":{"line":40,"column":4},"end":{"line":42,"column":5}},"type":"if","locations":[{"start":{"line":40,"column":4},"end":{"line":42,"column":5}},{"start":{"line":40,"column":4},"end":{"line":42,"column":5}}],"line":40},"9":{"loc":{"start":{"line":40,"column":9},"end":{"line":40,"column":75}},"type":"binary-expr","locations":[{"start":{"line":40,"column":9},"end":{"line":40,"column":36}},{"start":{"line":40,"column":40},"end":{"line":40,"column":75}}],"line":40},"10":{"loc":{"start":{"line":50,"column":4},"end":{"line":91,"column":5}},"type":"switch","locations":[{"start":{"line":51,"column":6},"end":{"line":78,"column":14}},{"start":{"line":79,"column":6},"end":{"line":90,"column":14}}],"line":50},"11":{"loc":{"start":{"line":53,"column":8},"end":{"line":55,"column":9}},"type":"if","locations":[{"start":{"line":53,"column":8},"end":{"line":55,"column":9}},{"start":{"line":53,"column":8},"end":{"line":55,"column":9}}],"line":53},"12":{"loc":{"start":{"line":57,"column":8},"end":{"line":59,"column":9}},"type":"if","locations":[{"start":{"line":57,"column":8},"end":{"line":59,"column":9}},{"start":{"line":57,"column":8},"end":{"line":59,"column":9}}],"line":57},"13":{"loc":{"start":{"line":63,"column":8},"end":{"line":65,"column":9}},"type":"if","locations":[{"start":{"line":63,"column":8},"end":{"line":65,"column":9}},{"start":{"line":63,"column":8},"end":{"line":65,"column":9}}],"line":63},"14":{"loc":{"start":{"line":66,"column":8},"end":{"line":68,"column":9}},"type":"if","locations":[{"start":{"line":66,"column":8},"end":{"line":68,"column":9}},{"start":{"line":66,"column":8},"end":{"line":68,"column":9}}],"line":66},"15":{"loc":{"start":{"line":70,"column":8},"end":{"line":77,"column":9}},"type":"if","locations":[{"start":{"line":70,"column":8},"end":{"line":77,"column":9}},{"start":{"line":70,"column":8},"end":{"line":77,"column":9}}],"line":70},"16":{"loc":{"start":{"line":73,"column":12},"end":{"line":75,"column":13}},"type":"if","locations":[{"start":{"line":73,"column":12},"end":{"line":75,"column":13}},{"start":{"line":73,"column":12},"end":{"line":75,"column":13}}],"line":73},"17":{"loc":{"start":{"line":73,"column":17},"end":{"line":73,"column":79}},"type":"binary-expr","locations":[{"start":{"line":73,"column":17},"end":{"line":73,"column":45}},{"start":{"line":73,"column":49},"end":{"line":73,"column":79}}],"line":73},"18":{"loc":{"start":{"line":81,"column":8},"end":{"line":85,"column":9}},"type":"if","locations":[{"start":{"line":81,"column":8},"end":{"line":85,"column":9}},{"start":{"line":81,"column":8},"end":{"line":85,"column":9}}],"line":81},"19":{"loc":{"start":{"line":87,"column":8},"end":{"line":89,"column":9}},"type":"if","locations":[{"start":{"line":87,"column":8},"end":{"line":89,"column":9}},{"start":{"line":87,"column":8},"end":{"line":89,"column":9}}],"line":87},"20":{"loc":{"start":{"line":94,"column":4},"end":{"line":96,"column":5}},"type":"if","locations":[{"start":{"line":94,"column":4},"end":{"line":96,"column":5}},{"start":{"line":94,"column":4},"end":{"line":96,"column":5}}],"line":94},"21":{"loc":{"start":{"line":98,"column":4},"end":{"line":100,"column":5}},"type":"if","locations":[{"start":{"line":98,"column":4},"end":{"line":100,"column":5}},{"start":{"line":98,"column":4},"end":{"line":100,"column":5}}],"line":98},"22":{"loc":{"start":{"line":102,"column":4},"end":{"line":104,"column":5}},"type":"if","locations":[{"start":{"line":102,"column":4},"end":{"line":104,"column":5}},{"start":{"line":102,"column":4},"end":{"line":104,"column":5}}],"line":102},"23":{"loc":{"start":{"line":106,"column":4},"end":{"line":108,"column":5}},"type":"if","locations":[{"start":{"line":106,"column":4},"end":{"line":108,"column":5}},{"start":{"line":106,"column":4},"end":{"line":108,"column":5}}],"line":106},"24":{"loc":{"start":{"line":112,"column":15},"end":{"line":112,"column":32}},"type":"binary-expr","locations":[{"start":{"line":112,"column":15},"end":{"line":112,"column":24}},{"start":{"line":112,"column":28},"end":{"line":112,"column":32}}],"line":112},"25":{"loc":{"start":{"line":114,"column":4},"end":{"line":116,"column":5}},"type":"if","locations":[{"start":{"line":114,"column":4},"end":{"line":116,"column":5}},{"start":{"line":114,"column":4},"end":{"line":116,"column":5}}],"line":114},"26":{"loc":{"start":{"line":262,"column":4},"end":{"line":264,"column":5}},"type":"if","locations":[{"start":{"line":262,"column":4},"end":{"line":264,"column":5}},{"start":{"line":262,"column":4},"end":{"line":264,"column":5}}],"line":262},"27":{"loc":{"start":{"line":266,"column":4},"end":{"line":268,"column":5}},"type":"if","locations":[{"start":{"line":266,"column":4},"end":{"line":268,"column":5}},{"start":{"line":266,"column":4},"end":{"line":268,"column":5}}],"line":266},"28":{"loc":{"start":{"line":274,"column":4},"end":{"line":278,"column":5}},"type":"if","locations":[{"start":{"line":274,"column":4},"end":{"line":278,"column":5}},{"start":{"line":274,"column":4},"end":{"line":278,"column":5}}],"line":274}},"s":{"0":9,"1":1,"2":8,"3":1,"4":7,"5":0,"6":7,"7":7,"8":6,"9":6,"10":6,"11":0,"12":0,"13":1,"14":1,"15":0,"16":7,"17":7,"18":0,"19":0,"20":7,"21":7,"22":1,"23":0,"24":0,"25":6,"26":3,"27":3,"28":1,"29":2,"30":2,"31":1,"32":1,"33":1,"34":1,"35":0,"36":1,"37":0,"38":1,"39":1,"40":0,"41":0,"42":0,"43":0,"44":1,"45":0,"46":0,"47":0,"48":0,"49":0,"50":0,"51":0,"52":0,"53":4,"54":0,"55":4,"56":0,"57":4,"58":0,"59":4,"60":0,"61":0,"62":0,"63":0,"64":0,"65":10,"66":0,"67":0,"68":0,"69":0,"70":1,"71":0,"72":1,"73":0,"74":0,"75":0,"76":0,"77":0,"78":0,"79":0,"80":0,"81":0,"82":0,"83":0,"84":0,"85":0,"86":0,"87":0,"88":0,"89":0,"90":0,"91":0,"92":0,"93":0,"94":0,"95":0,"96":0,"97":0,"98":0,"99":0,"100":0,"101":0,"102":0,"103":0,"104":0,"105":0,"106":0,"107":12,"108":12,"109":0,"110":12},"f":{"0":9,"1":0,"2":0,"3":10,"4":0,"5":0,"6":0,"7":0,"8":1,"9":0,"10":1,"11":0,"12":0,"13":0,"14":0,"15":0,"16":0,"17":0,"18":0,"19":0,"20":0,"21":0,"22":0,"23":0,"24":0,"25":0,"26":0,"27":0,"28":0,"29":0,"30":0,"31":0,"32":0,"33":0,"34":0,"35":0,"36":0,"37":0,"38":0,"39":12},"b":{"0":[1,8],"1":[1,7],"2":[0,7],"3":[7,1],"4":[6,1],"5":[0,6],"6":[0,1],"7":[0,7],"8":[1,6],"9":[7,2],"10":[3,0],"11":[1,2],"12":[1,1],"13":[0,1],"14":[0,1],"15":[0,1],"16":[0,0],"17":[0,0],"18":[0,0],"19":[0,0],"20":[0,4],"21":[0,4],"22":[0,4],"23":[0,4],"24":[0,0],"25":[0,0],"26":[0,0],"27":[0,0],"28":[0,12]},"_coverageSchema":"332fd63041d2c1bcb487cc26dd0d5f7d97098a6c","hash":"eb4ad6bb83d7d5fd4a389a7be9ff8334b7947da8"}
}
