TN:
SF:/Users/gbush1/git/json-schema-ui/src/JsonSchema.js
FN:2,(anonymous_0)
FN:44,processSchemas
FN:111,(anonymous_2)
FN:120,(anonymous_3)
FN:124,(anonymous_4)
FN:128,(anonymous_5)
FN:132,(anonymous_6)
FN:136,(anonymous_7)
FN:140,(anonymous_8)
FN:144,(anonymous_9)
FN:148,(anonymous_10)
FN:152,(anonymous_11)
FN:156,(anonymous_12)
FN:160,(anonymous_13)
FN:164,(anonymous_14)
FN:168,(anonymous_15)
FN:172,(anonymous_16)
FN:176,(anonymous_17)
FN:180,(anonymous_18)
FN:184,(anonymous_19)
FN:188,(anonymous_20)
FN:192,(anonymous_21)
FN:196,(anonymous_22)
FN:200,(anonymous_23)
FN:204,(anonymous_24)
FN:208,(anonymous_25)
FN:212,(anonymous_26)
FN:216,(anonymous_27)
FN:220,(anonymous_28)
FN:224,(anonymous_29)
FN:228,(anonymous_30)
FN:232,(anonymous_31)
FN:236,(anonymous_32)
FN:240,(anonymous_33)
FN:244,(anonymous_34)
FN:248,(anonymous_35)
FN:252,(anonymous_36)
FN:256,(anonymous_37)
FN:260,(anonymous_38)
FN:272,(anonymous_39)
FNF:40
FNH:5
FNDA:9,(anonymous_0)
FNDA:0,processSchemas
FNDA:0,(anonymous_2)
FNDA:10,(anonymous_3)
FNDA:0,(anonymous_4)
FNDA:0,(anonymous_5)
FNDA:0,(anonymous_6)
FNDA:0,(anonymous_7)
FNDA:1,(anonymous_8)
FNDA:0,(anonymous_9)
FNDA:1,(anonymous_10)
FNDA:0,(anonymous_11)
FNDA:0,(anonymous_12)
FNDA:0,(anonymous_13)
FNDA:0,(anonymous_14)
FNDA:0,(anonymous_15)
FNDA:0,(anonymous_16)
FNDA:0,(anonymous_17)
FNDA:0,(anonymous_18)
FNDA:0,(anonymous_19)
FNDA:0,(anonymous_20)
FNDA:0,(anonymous_21)
FNDA:0,(anonymous_22)
FNDA:0,(anonymous_23)
FNDA:0,(anonymous_24)
FNDA:0,(anonymous_25)
FNDA:0,(anonymous_26)
FNDA:0,(anonymous_27)
FNDA:0,(anonymous_28)
FNDA:0,(anonymous_29)
FNDA:0,(anonymous_30)
FNDA:0,(anonymous_31)
FNDA:0,(anonymous_32)
FNDA:0,(anonymous_33)
FNDA:0,(anonymous_34)
FNDA:0,(anonymous_35)
FNDA:0,(anonymous_36)
FNDA:0,(anonymous_37)
FNDA:0,(anonymous_38)
FNDA:12,(anonymous_39)
DA:3,9
DA:4,1
DA:7,8
DA:8,1
DA:11,7
DA:12,0
DA:15,7
DA:16,7
DA:17,6
DA:18,6
DA:19,6
DA:20,0
DA:21,0
DA:25,1
DA:26,1
DA:27,0
DA:31,7
DA:33,7
DA:34,0
DA:35,0
DA:38,7
DA:40,7
DA:41,1
DA:45,0
DA:46,0
DA:50,6
DA:52,3
DA:53,3
DA:54,1
DA:56,2
DA:57,2
DA:58,1
DA:60,1
DA:61,1
DA:63,1
DA:64,0
DA:66,1
DA:67,0
DA:69,1
DA:70,1
DA:71,0
DA:72,0
DA:73,0
DA:74,0
DA:78,1
DA:80,0
DA:81,0
DA:82,0
DA:84,0
DA:86,0
DA:87,0
DA:88,0
DA:90,0
DA:94,4
DA:95,0
DA:98,4
DA:99,0
DA:102,4
DA:103,0
DA:106,4
DA:107,0
DA:112,0
DA:114,0
DA:115,0
DA:117,0
DA:121,10
DA:125,0
DA:129,0
DA:133,0
DA:137,0
DA:141,1
DA:145,0
DA:149,1
DA:153,0
DA:157,0
DA:161,0
DA:165,0
DA:169,0
DA:173,0
DA:177,0
DA:181,0
DA:185,0
DA:189,0
DA:193,0
DA:197,0
DA:201,0
DA:205,0
DA:209,0
DA:213,0
DA:217,0
DA:221,0
DA:225,0
DA:229,0
DA:233,0
DA:237,0
DA:241,0
DA:245,0
DA:249,0
DA:253,0
DA:257,0
DA:261,0
DA:262,0
DA:263,0
DA:265,0
DA:266,0
DA:267,0
DA:269,0
DA:273,12
DA:274,12
DA:275,0
DA:277,12
LF:111
LH:41
BRDA:3,0,0,1
BRDA:3,0,1,8
BRDA:7,1,0,1
BRDA:7,1,1,7
BRDA:11,2,0,0
BRDA:11,2,1,7
BRDA:11,3,0,7
BRDA:11,3,1,1
BRDA:16,4,0,6
BRDA:16,4,1,1
BRDA:19,5,0,0
BRDA:19,5,1,6
BRDA:26,6,0,0
BRDA:26,6,1,1
BRDA:33,7,0,0
BRDA:33,7,1,7
BRDA:40,8,0,1
BRDA:40,8,1,6
BRDA:40,9,0,7
BRDA:40,9,1,2
BRDA:50,10,0,3
BRDA:50,10,1,0
BRDA:53,11,0,1
BRDA:53,11,1,2
BRDA:57,12,0,1
BRDA:57,12,1,1
BRDA:63,13,0,0
BRDA:63,13,1,1
BRDA:66,14,0,0
BRDA:66,14,1,1
BRDA:70,15,0,0
BRDA:70,15,1,1
BRDA:73,16,0,0
BRDA:73,16,1,0
BRDA:73,17,0,0
BRDA:73,17,1,0
BRDA:81,18,0,0
BRDA:81,18,1,0
BRDA:87,19,0,0
BRDA:87,19,1,0
BRDA:94,20,0,0
BRDA:94,20,1,4
BRDA:98,21,0,0
BRDA:98,21,1,4
BRDA:102,22,0,0
BRDA:102,22,1,4
BRDA:106,23,0,0
BRDA:106,23,1,4
BRDA:112,24,0,0
BRDA:112,24,1,0
BRDA:114,25,0,0
BRDA:114,25,1,0
BRDA:262,26,0,0
BRDA:262,26,1,0
BRDA:266,27,0,0
BRDA:266,27,1,0
BRDA:274,28,0,0
BRDA:274,28,1,12
BRF:58
BRH:29
end_of_record
